<?xml version="1.0" encoding="UTF-8"?>
<testsuite xmlns:xsi="http://www.w3.org/2001/XMLSchema-instance" xsi:noNamespaceSchemaLocation="https://maven.apache.org/surefire/maven-surefire-plugin/xsd/surefire-test-report.xsd" version="3.0.2" name="hr.srsveze.sredisnji_registar.SredisnjiRegistarApplicationTests" time="2.748" tests="1" errors="0" skipped="0" failures="0">
  <properties>
[...]
</properties>
  <testcase name="contextLoads" classname="hr.srsveze.sredisnji_registar.SredisnjiRegistarApplicationTests" time="0.567">
    <system-out><![CDATA[22:16:54.923 [main] INFO org.springframework.test.context.support.AnnotationConfigContextLoaderUtils -- Could not detect default configuration classes for test class [hr.srsveze.sredisnji_registar.SredisnjiRegistarApplicationTests]: SredisnjiRegistarApplicationTests does not declare any static, non-private, non-final, nested classes annotated with @Configuration.
22:16:55.049 [main] INFO org.springframework.boot.test.context.SpringBootTestContextBootstrapper -- Found @SpringBootConfiguration hr.srsveze.sredisnji_registar.SredisnjiRegistarApplication for test class hr.srsveze.sredisnji_registar.SredisnjiRegistarApplicationTests
22:16:55.289 [main] INFO org.springframework.boot.devtools.restart.RestartApplicationListener -- Restart disabled due to context in which it is running

  .   ____          _            __ _ _
 /\\ / ___'_ __ _ _(_)_ __  __ _ \ \ \ \
( ( )\___ | '_ | '_| | '_ \/ _` | \ \ \ \
 \\/  ___)| |_)| | | | | || (_| |  ) ) ) )
  '  |____| .__|_| |_|_| |_\__, | / / / /
 =========|_|==============|___/=/_/_/_/

 :: Spring Boot ::                (v3.5.0)

2025-05-30T22:16:55.659+02:00  INFO 24128 --- [sredisnji-registar] [           main] h.s.s.SredisnjiRegistarApplicationTests  : Starting SredisnjiRegistarApplicationTests using Java 17.0.15 with PID 24128 (started by Milenko in C:\Users\Milenko\Desktop\Središnji registar stanovništva\Aplikacija\sredisnji-registar)
2025-05-30T22:16:55.661+02:00  INFO 24128 --- [sredisnji-registar] [           main] h.s.s.SredisnjiRegistarApplicationTests  : No active profile set, falling back to 1 default profile: "default"
2025-05-30T22:16:56.950+02:00  INFO 24128 --- [sredisnji-registar] [           main] h.s.s.SredisnjiRegistarApplicationTests  : Started SredisnjiRegistarApplicationTests in 1.68 seconds (process running for 2.698)
]]></system-out>
  </testcase>
</testsuite>